<?xml version="1.0" encoding="UTF-8"?>
<testng-results skipped="0" failed="0" total="2" passed="2">
  <reporter-output>
  </reporter-output>
  <suite name="Default suite" duration-ms="33848" started-at="2022-10-08T09:40:30Z" finished-at="2022-10-08T09:41:03Z">
    <groups>
    </groups>
    <test name="Default test" duration-ms="33848" started-at="2022-10-08T09:40:30Z" finished-at="2022-10-08T09:41:03Z">
      <class name="Createcustomer.addcustomer">
        <test-method status="PASS" signature="lanchbrowser()[pri:0, instance:Createcustomer.addcustomer@6ea12c19]" name="lanchbrowser" is-config="true" duration-ms="15468" started-at="2022-10-08T15:10:30Z" finished-at="2022-10-08T15:10:45Z">
          <reporter-output>
          </reporter-output>
        </test-method> <!-- lanchbrowser -->
        <test-method status="PASS" signature="gettitle()[pri:0, instance:Createcustomer.addcustomer@6ea12c19]" name="gettitle" duration-ms="52" started-at="2022-10-08T15:10:45Z" description="gettitle testcase pass" finished-at="2022-10-08T15:10:45Z">
          <reporter-output>
          </reporter-output>
        </test-method> <!-- gettitle -->
        <test-method status="PASS" signature="afterMethod()[pri:0, instance:Createcustomer.addcustomer@6ea12c19]" name="afterMethod" is-config="true" duration-ms="0" started-at="2022-10-08T15:10:45Z" finished-at="2022-10-08T15:10:45Z">
          <reporter-output>
          </reporter-output>
        </test-method> <!-- afterMethod -->
        <test-method status="PASS" signature="lanchbrowser()[pri:0, instance:Createcustomer.addcustomer@6ea12c19]" name="lanchbrowser" is-config="true" duration-ms="10876" started-at="2022-10-08T15:10:45Z" finished-at="2022-10-08T15:10:56Z">
          <reporter-output>
          </reporter-output>
        </test-method> <!-- lanchbrowser -->
        <test-method status="PASS" signature="login()[pri:0, instance:Createcustomer.addcustomer@6ea12c19]" name="login" duration-ms="7428" started-at="2022-10-08T15:10:56Z" description="login Test" finished-at="2022-10-08T15:11:03Z">
          <reporter-output>
          </reporter-output>
        </test-method> <!-- login -->
        <test-method status="PASS" signature="afterMethod()[pri:0, instance:Createcustomer.addcustomer@6ea12c19]" name="afterMethod" is-config="true" duration-ms="0" started-at="2022-10-08T15:11:03Z" finished-at="2022-10-08T15:11:03Z">
          <reporter-output>
          </reporter-output>
        </test-method> <!-- afterMethod -->
      </class> <!-- Createcustomer.addcustomer -->
    </test> <!-- Default test -->
  </suite> <!-- Default suite -->
</testng-results>
